Host: pdr.nectica.com
User-Agent: Mozilla/5.0 (Windows NT 6.1; Win64; x64; rv:81.0) Gecko/20100101 Firefox/81.0
Accept: */*
Accept-Language: es-AR,es;q=0.8,en-US;q=0.5,en;q=0.3
Accept-Encoding: gzip, deflate
Access-Control-Request-Method: POST
Access-Control-Request-Headers: authorization,content-type
Referer: http://localhost:8100/home
Origin: http://localhost:8100
Connection: keep-alive
Cache-Control: max-age=0
Host: pdr.nectica.com
User-Agent: Mozilla/5.0 (Windows NT 6.1; Win64; x64; rv:81.0) Gecko/20100101 Firefox/81.0
Accept: */*
Accept-Language: es-AR,es;q=0.8,en-US;q=0.5,en;q=0.3
Accept-Encoding: gzip, deflate
Access-Control-Request-Method: POST
Access-Control-Request-Headers: authorization,content-type
Referer: http://localhost:8100/home
Origin: http://localhost:8100
Connection: keep-alive
Cache-Control: max-age=0
Host: pdr.nectica.com
User-Agent: Mozilla/5.0 (Windows NT 6.1; Win64; x64; rv:81.0) Gecko/20100101 Firefox/81.0
Accept: */*
Accept-Language: es-AR,es;q=0.8,en-US;q=0.5,en;q=0.3
Accept-Encoding: gzip, deflate
Access-Control-Request-Method: POST
Access-Control-Request-Headers: authorization,content-type
Referer: http://localhost:8100/home
Origin: http://localhost:8100
Connection: keep-alive
Cache-Control: max-age=0
Host: pdr.nectica.com
User-Agent: Mozilla/5.0 (Windows NT 6.1; Win64; x64; rv:81.0) Gecko/20100101 Firefox/81.0
Accept: */*
Accept-Language: es-AR,es;q=0.8,en-US;q=0.5,en;q=0.3
Accept-Encoding: gzip, deflate
Access-Control-Request-Method: POST
Access-Control-Request-Headers: authorization,content-type
Referer: http://localhost:8100/home
Origin: http://localhost:8100
Connection: keep-alive
Cache-Control: max-age=0
Host: pdr.nectica.com
User-Agent: Mozilla/5.0 (Windows NT 6.1; Win64; x64; rv:81.0) Gecko/20100101 Firefox/81.0
Accept: */*
Accept-Language: es-AR,es;q=0.8,en-US;q=0.5,en;q=0.3
Accept-Encoding: gzip, deflate
Access-Control-Request-Method: POST
Access-Control-Request-Headers: authorization,content-type
Referer: http://localhost:8100/home
Origin: http://localhost:8100
Connection: keep-alive
Cache-Control: max-age=0
Host: pdr.nectica.com
User-Agent: Mozilla/5.0 (Windows NT 6.1; Win64; x64; rv:81.0) Gecko/20100101 Firefox/81.0
Accept: */*
Accept-Language: es-AR,es;q=0.8,en-US;q=0.5,en;q=0.3
Accept-Encoding: gzip, deflate
Access-Control-Request-Method: POST
Access-Control-Request-Headers: authorization,content-type
Referer: http://localhost:8100/home
Origin: http://localhost:8100
Connection: keep-alive
Cache-Control: max-age=0
Host: pdr.nectica.com
User-Agent: Mozilla/5.0 (Windows NT 6.1; Win64; x64; rv:81.0) Gecko/20100101 Firefox/81.0
Accept: */*
Accept-Language: es-AR,es;q=0.8,en-US;q=0.5,en;q=0.3
Accept-Encoding: gzip, deflate
Access-Control-Request-Method: POST
Access-Control-Request-Headers: authorization,content-type
Referer: http://localhost:8100/home
Origin: http://localhost:8100
Connection: keep-alive
Cache-Control: max-age=0
Host: pdr.nectica.com
User-Agent: Mozilla/5.0 (Windows NT 6.1; Win64; x64; rv:81.0) Gecko/20100101 Firefox/81.0
Accept: */*
Accept-Language: es-AR,es;q=0.8,en-US;q=0.5,en;q=0.3
Accept-Encoding: gzip, deflate
Access-Control-Request-Method: POST
Access-Control-Request-Headers: authorization,content-type
Referer: http://localhost:8100/home
Origin: http://localhost:8100
Connection: keep-alive
Cache-Control: max-age=0
Host: pdr.nectica.com
User-Agent: Mozilla/5.0 (Windows NT 6.1; Win64; x64; rv:81.0) Gecko/20100101 Firefox/81.0
Accept: */*
Accept-Language: es-AR,es;q=0.8,en-US;q=0.5,en;q=0.3
Accept-Encoding: gzip, deflate
Access-Control-Request-Method: POST
Access-Control-Request-Headers: authorization,content-type
Referer: http://localhost:8100/home
Origin: http://localhost:8100
Connection: keep-alive
Cache-Control: max-age=0
